#
# There is insufficient memory for the Java Runtime Environment to continue.
# Native memory allocation (malloc) failed to allocate 32744 bytes for ChunkPool::allocate
# Possible reasons:
#   The system is out of physical RAM or swap space
#   The process is running with CompressedOops enabled, and the Java Heap may be blocking the growth of the native heap
# Possible solutions:
#   Reduce memory load on the system
#   Increase physical memory or swap space
#   Check if swap backing store is full
#   Decrease Java heap size (-Xmx/-Xms)
#   Decrease number of Java threads
#   Decrease Java thread stack sizes (-Xss)
#   Set larger code cache with -XX:ReservedCodeCacheSize=
#   JVM is running with Unscaled Compressed Oops mode in which the Java heap is
#     placed in the first 4GB address space. The Java Heap base address is the
#     maximum limit for the native heap growth. Please use -XX:HeapBaseMinAddress
#     to set the Java Heap base and to place the Java Heap above 4GB virtual address.
# This output file may be truncated or incomplete.
#
#  Out of Memory Error (allocation.cpp:272), pid=6732, tid=0x0000000000000694
#
# JRE version: Java(TM) SE Runtime Environment (8.0_261-b12) (build 1.8.0_261-b12)
# Java VM: Java HotSpot(TM) 64-Bit Server VM (25.261-b12 mixed mode windows-amd64 compressed oops)
# Failed to write core dump. Minidumps are not enabled by default on client versions of Windows
#

---------------  T H R E A D  ---------------

Current thread (0x0000026604845800):  JavaThread "C1 CompilerThread2" daemon [_thread_in_native, id=1684, stack(0x00000082f6a00000,0x00000082f6b00000)]

Stack: [0x00000082f6a00000,0x00000082f6b00000]
Native frames: (J=compiled Java code, j=interpreted, Vv=VM code, C=native code)
V  [jvm.dll+0x33e5f9]
V  [jvm.dll+0x2850e2]
V  [jvm.dll+0x285d8d]
V  [jvm.dll+0x27c895]
V  [jvm.dll+0xe520d]
V  [jvm.dll+0xe556c]
V  [jvm.dll+0x3f33f4]
V  [jvm.dll+0x400fd4]
V  [jvm.dll+0x400aac]
V  [jvm.dll+0x3f81d5]
V  [jvm.dll+0x3fa660]
V  [jvm.dll+0x3f8a44]
V  [jvm.dll+0x4014ec]
V  [jvm.dll+0x400aac]
V  [jvm.dll+0x3f81d5]
V  [jvm.dll+0x3fa660]
V  [jvm.dll+0x3f8a44]
V  [jvm.dll+0x3f29e6]
V  [jvm.dll+0x40562c]
V  [jvm.dll+0x4053a2]
V  [jvm.dll+0x3ef408]
V  [jvm.dll+0x3ef72e]
V  [jvm.dll+0x3ef99e]
V  [jvm.dll+0x3ef0f1]
V  [jvm.dll+0x3f0b2f]
V  [jvm.dll+0xbbbcb]
V  [jvm.dll+0xba22b]
V  [jvm.dll+0x24d962]
V  [jvm.dll+0x2a1cfc]
C  [ucrtbase.dll+0x21bb2]
C  [KERNEL32.DLL+0x17034]
C  [ntdll.dll+0x52651]


Current CompileTask:
C1:   5178 2061   !   1       org.codehaus.groovy.antlr.parser.GroovyLexer::nextToken (2683 bytes)


---------------  P R O C E S S  ---------------

Java Threads: ( => current thread )
  0x0000026605a0c800 JavaThread "NonBlockingInputStreamThread" daemon [_thread_blocked, id=10848, stack(0x00000082f6d00000,0x00000082f6e00000)]
  0x000002660484a800 JavaThread "Service Thread" daemon [_thread_blocked, id=14176, stack(0x00000082f6b00000,0x00000082f6c00000)]
=>0x0000026604845800 JavaThread "C1 CompilerThread2" daemon [_thread_in_native, id=1684, stack(0x00000082f6a00000,0x00000082f6b00000)]
  0x000002660483a000 JavaThread "C2 CompilerThread1" daemon [_thread_blocked, id=3236, stack(0x00000082f6900000,0x00000082f6a00000)]
  0x00000266047ea800 JavaThread "C2 CompilerThread0" daemon [_thread_blocked, id=14196, stack(0x00000082f6800000,0x00000082f6900000)]
  0x00000266047e8000 JavaThread "Attach Listener" daemon [_thread_blocked, id=1756, stack(0x00000082f6700000,0x00000082f6800000)]
  0x00000266047e7000 JavaThread "Signal Dispatcher" daemon [_thread_blocked, id=4648, stack(0x00000082f6600000,0x00000082f6700000)]
  0x000002666e369000 JavaThread "Finalizer" daemon [_thread_blocked, id=17268, stack(0x00000082f6500000,0x00000082f6600000)]
  0x00000266047c6000 JavaThread "Reference Handler" daemon [_thread_blocked, id=17340, stack(0x00000082f6400000,0x00000082f6500000)]
  0x000002666e071800 JavaThread "main" [_thread_in_Java, id=13656, stack(0x00000082f5e00000,0x00000082f5f00000)]

Other Threads:
  0x00000266047a3000 VMThread [stack: 0x00000082f6300000,0x00000082f6400000] [id=6300]
  0x000002660484c000 WatcherThread [stack: 0x00000082f6c00000,0x00000082f6d00000] [id=3032]

VM state:not at safepoint (normal execution)

VM Mutex/Monitor currently owned by a thread: None

heap address: 0x0000000082000000, size: 2016 MB, Compressed Oops mode: 32-bit
Narrow klass base: 0x0000000000000000, Narrow klass shift: 3
Compressed class space size: 1073741824 Address: 0x0000000100000000

Heap:
 PSYoungGen      total 37888K, used 36776K [0x00000000d6000000, 0x00000000daa00000, 0x0000000100000000)
  eden space 32768K, 97% used [0x00000000d6000000,0x00000000d7f5c0a0,0x00000000d8000000)
  from space 5120K, 91% used [0x00000000d8500000,0x00000000d898e238,0x00000000d8a00000)
  to   space 5120K, 0% used [0x00000000d8000000,0x00000000d8000000,0x00000000d8500000)
 ParOldGen       total 86016K, used 19427K [0x0000000082000000, 0x0000000087400000, 0x00000000d6000000)
  object space 86016K, 22% used [0x0000000082000000,0x00000000832f8f40,0x0000000087400000)
 Metaspace       used 15331K, capacity 15778K, committed 15872K, reserved 1062912K
  class space    used 1829K, capacity 2037K, committed 2048K, reserved 1048576K

Card table byte_map: [0x000002667ef00000,0x000002667f300000] byte_map_base: 0x000002667eaf0000

Marking Bits: (ParMarkBitMap*) 0x0000000071314fb0
 Begin Bits: [0x0000026600000000, 0x0000026601f80000)
 End Bits:   [0x0000026601f80000, 0x0000026603f00000)

Polling page: 0x000002666e210000

CodeCache: size=245760Kb used=5717Kb max_used=5717Kb free=240042Kb
 bounds [0x000002666fb40000, 0x00000266700e0000, 0x000002667eb40000]
 total_blobs=2653 nmethods=2053 adapters=511
 compilation: enabled

Compilation events (10 events):
Event: 5.118 Thread 0x0000026604845800 nmethod 2053 0x00000266700d19d0 code [0x00000266700d1be0, 0x00000266700d21f0]
Event: 5.118 Thread 0x0000026604845800 2055       1       groovyjarjarantlr.CharScanner::resetText (37 bytes)
Event: 5.118 Thread 0x0000026604845800 nmethod 2055 0x00000266700d2c90 code [0x00000266700d2e00, 0x00000266700d2fb0]
Event: 5.118 Thread 0x0000026604845800 2047   !   1       org.codehaus.groovy.antlr.parser.GroovyLexer$1::nextToken (274 bytes)
Event: 5.119 Thread 0x0000026604845800 nmethod 2047 0x00000266700d30d0 code [0x00000266700d32e0, 0x00000266700d3990]
Event: 5.119 Thread 0x0000026604845800 2057       1       groovyjarjarantlr.CharScanner::match (30 bytes)
Event: 5.120 Thread 0x0000026604845800 nmethod 2057 0x00000266700d40d0 code [0x00000266700d42e0, 0x00000266700d48c0]
Event: 5.120 Thread 0x0000026604845800 2048       1       org.codehaus.groovy.antlr.parser.GroovyLexer::makeToken (55 bytes)
Event: 5.120 Thread 0x0000026604845800 nmethod 2048 0x00000266700d52d0 code [0x00000266700d5440, 0x00000266700d5660]
Event: 5.120 Thread 0x0000026604845800 2061   !   1       org.codehaus.groovy.antlr.parser.GroovyLexer::nextToken (2683 bytes)

GC Heap History (10 events):
Event: 4.016 GC heap before
{Heap before GC invocations=4 (full 0):
 PSYoungGen      total 37888K, used 37856K [0x00000000d6000000, 0x00000000d8a00000, 0x0000000100000000)
  eden space 32768K, 100% used [0x00000000d6000000,0x00000000d8000000,0x00000000d8000000)
  from space 5120K, 99% used [0x00000000d8000000,0x00000000d84f8040,0x00000000d8500000)
  to   space 5120K, 0% used [0x00000000d8500000,0x00000000d8500000,0x00000000d8a00000)
 ParOldGen       total 86016K, used 7395K [0x0000000082000000, 0x0000000087400000, 0x00000000d6000000)
  object space 86016K, 8% used [0x0000000082000000,0x0000000082738fb0,0x0000000087400000)
 Metaspace       used 11650K, capacity 11844K, committed 12032K, reserved 1060864K
  class space    used 1369K, capacity 1412K, committed 1536K, reserved 1048576K
Event: 4.026 GC heap after
Heap after GC invocations=4 (full 0):
 PSYoungGen      total 37888K, used 5088K [0x00000000d6000000, 0x00000000daa00000, 0x0000000100000000)
  eden space 32768K, 0% used [0x00000000d6000000,0x00000000d6000000,0x00000000d8000000)
  from space 5120K, 99% used [0x00000000d8500000,0x00000000d89f8020,0x00000000d8a00000)
  to   space 5120K, 0% used [0x00000000d8000000,0x00000000d8000000,0x00000000d8500000)
 ParOldGen       total 86016K, used 10632K [0x0000000082000000, 0x0000000087400000, 0x00000000d6000000)
  object space 86016K, 12% used [0x0000000082000000,0x0000000082a622a0,0x0000000087400000)
 Metaspace       used 11650K, capacity 11844K, committed 12032K, reserved 1060864K
  class space    used 1369K, capacity 1412K, committed 1536K, reserved 1048576K
}
Event: 4.268 GC heap before
{Heap before GC invocations=5 (full 0):
 PSYoungGen      total 37888K, used 37856K [0x00000000d6000000, 0x00000000daa00000, 0x0000000100000000)
  eden space 32768K, 100% used [0x00000000d6000000,0x00000000d8000000,0x00000000d8000000)
  from space 5120K, 99% used [0x00000000d8500000,0x00000000d89f8020,0x00000000d8a00000)
  to   space 5120K, 0% used [0x00000000d8000000,0x00000000d8000000,0x00000000d8500000)
 ParOldGen       total 86016K, used 10632K [0x0000000082000000, 0x0000000087400000, 0x00000000d6000000)
  object space 86016K, 12% used [0x0000000082000000,0x0000000082a622a0,0x0000000087400000)
 Metaspace       used 12747K, capacity 13060K, committed 13184K, reserved 1060864K
  class space    used 1553K, capacity 1622K, committed 1664K, reserved 1048576K
Event: 4.278 GC heap after
Heap after GC invocations=5 (full 0):
 PSYoungGen      total 37888K, used 5088K [0x00000000d6000000, 0x00000000daa00000, 0x0000000100000000)
  eden space 32768K, 0% used [0x00000000d6000000,0x00000000d6000000,0x00000000d8000000)
  from space 5120K, 99% used [0x00000000d8000000,0x00000000d84f8020,0x00000000d8500000)
  to   space 5120K, 0% used [0x00000000d8500000,0x00000000d8500000,0x00000000d8a00000)
 ParOldGen       total 86016K, used 14195K [0x0000000082000000, 0x0000000087400000, 0x00000000d6000000)
  object space 86016K, 16% used [0x0000000082000000,0x0000000082ddcc68,0x0000000087400000)
 Metaspace       used 12747K, capacity 13060K, committed 13184K, reserved 1060864K
  class space    used 1553K, capacity 1622K, committed 1664K, reserved 1048576K
}
Event: 4.552 GC heap before
{Heap before GC invocations=6 (full 0):
 PSYoungGen      total 37888K, used 37856K [0x00000000d6000000, 0x00000000daa00000, 0x0000000100000000)
  eden space 32768K, 100% used [0x00000000d6000000,0x00000000d8000000,0x00000000d8000000)
  from space 5120K, 99% used [0x00000000d8000000,0x00000000d84f8020,0x00000000d8500000)
  to   space 5120K, 0% used [0x00000000d8500000,0x00000000d8500000,0x00000000d8a00000)
 ParOldGen       total 86016K, used 14195K [0x0000000082000000, 0x0000000087400000, 0x00000000d6000000)
  object space 86016K, 16% used [0x0000000082000000,0x0000000082ddcc68,0x0000000087400000)
 Metaspace       used 13827K, capacity 14176K, committed 14336K, reserved 1062912K
  class space    used 1652K, capacity 1758K, committed 1792K, reserved 1048576K
Event: 4.561 GC heap after
Heap after GC invocations=6 (full 0):
 PSYoungGen      total 37888K, used 5092K [0x00000000d6000000, 0x00000000daa00000, 0x0000000100000000)
  eden space 32768K, 0% used [0x00000000d6000000,0x00000000d6000000,0x00000000d8000000)
  from space 5120K, 99% used [0x00000000d8500000,0x00000000d89f90c0,0x00000000d8a00000)
  to   space 5120K, 0% used [0x00000000d8000000,0x00000000d8000000,0x00000000d8500000)
 ParOldGen       total 86016K, used 15886K [0x0000000082000000, 0x0000000087400000, 0x00000000d6000000)
  object space 86016K, 18% used [0x0000000082000000,0x0000000082f83890,0x0000000087400000)
 Metaspace       used 13827K, capacity 14176K, committed 14336K, reserved 1062912K
  class space    used 1652K, capacity 1758K, committed 1792K, reserved 1048576K
}
Event: 4.831 GC heap before
{Heap before GC invocations=7 (full 0):
 PSYoungGen      total 37888K, used 37860K [0x00000000d6000000, 0x00000000daa00000, 0x0000000100000000)
  eden space 32768K, 100% used [0x00000000d6000000,0x00000000d8000000,0x00000000d8000000)
  from space 5120K, 99% used [0x00000000d8500000,0x00000000d89f90c0,0x00000000d8a00000)
  to   space 5120K, 0% used [0x00000000d8000000,0x00000000d8000000,0x00000000d8500000)
 ParOldGen       total 86016K, used 15886K [0x0000000082000000, 0x0000000087400000, 0x00000000d6000000)
  object space 86016K, 18% used [0x0000000082000000,0x0000000082f83890,0x0000000087400000)
 Metaspace       used 14909K, capacity 15180K, committed 15488K, reserved 1062912K
  class space    used 1771K, capacity 1858K, committed 1920K, reserved 1048576K
Event: 4.841 GC heap after
Heap after GC invocations=7 (full 0):
 PSYoungGen      total 37888K, used 4687K [0x00000000d6000000, 0x00000000daa00000, 0x0000000100000000)
  eden space 32768K, 0% used [0x00000000d6000000,0x00000000d6000000,0x00000000d8000000)
  from space 5120K, 91% used [0x00000000d8000000,0x00000000d8493f28,0x00000000d8500000)
  to   space 5120K, 0% used [0x00000000d8500000,0x00000000d8500000,0x00000000d8a00000)
 ParOldGen       total 86016K, used 19075K [0x0000000082000000, 0x0000000087400000, 0x00000000d6000000)
  object space 86016K, 22% used [0x0000000082000000,0x00000000832a0f40,0x0000000087400000)
 Metaspace       used 14909K, capacity 15180K, committed 15488K, reserved 1062912K
  class space    used 1771K, capacity 1858K, committed 1920K, reserved 1048576K
}
Event: 5.047 GC heap before
{Heap before GC invocations=8 (full 0):
 PSYoungGen      total 37888K, used 37455K [0x00000000d6000000, 0x00000000daa00000, 0x0000000100000000)
  eden space 32768K, 100% used [0x00000000d6000000,0x00000000d8000000,0x00000000d8000000)
  from space 5120K, 91% used [0x00000000d8000000,0x00000000d8493f28,0x00000000d8500000)
  to   space 5120K, 0% used [0x00000000d8500000,0x00000000d8500000,0x00000000d8a00000)
 ParOldGen       total 86016K, used 19075K [0x0000000082000000, 0x0000000087400000, 0x00000000d6000000)
  object space 86016K, 22% used [0x0000000082000000,0x00000000832a0f40,0x0000000087400000)
 Metaspace       used 15264K, capacity 15658K, committed 15872K, reserved 1062912K
  class space    used 1816K, capacity 1963K, committed 2048K, reserved 1048576K
Event: 5.052 GC heap after
Heap after GC invocations=8 (full 0):
 PSYoungGen      total 37888K, used 4664K [0x00000000d6000000, 0x00000000daa00000, 0x0000000100000000)
  eden space 32768K, 0% used [0x00000000d6000000,0x00000000d6000000,0x00000000d8000000)
  from space 5120K, 91% used [0x00000000d8500000,0x00000000d898e238,0x00000000d8a00000)
  to   space 5120K, 0% used [0x00000000d8000000,0x00000000d8000000,0x00000000d8500000)
 ParOldGen       total 86016K, used 19427K [0x0000000082000000, 0x0000000087400000, 0x00000000d6000000)
  object space 86016K, 22% used [0x0000000082000000,0x00000000832f8f40,0x0000000087400000)
 Metaspace       used 15264K, capacity 15658K, committed 15872K, reserved 1062912K
  class space    used 1816K, capacity 1963K, committed 2048K, reserved 1048576K
}

Deoptimization events (0 events):
No events

Classes redefined (0 events):
No events

Internal exceptions (10 events):
Event: 5.023 Thread 0x000002666e071800 Exception <a 'java/lang/ClassNotFoundException': CreateScaffoldControllerBeanInfo> (0x00000000d7d04738) thrown at [C:\jenkins\workspace\8-2-build-windows-amd64-cygwin\jdk8u261\295\hotspot\src\share\vm\classfile\systemDictionary.cpp, line 210]
Event: 5.024 Thread 0x000002666e071800 Exception <a 'java/lang/ClassNotFoundException': CreateScaffoldControllerCustomizer> (0x00000000d7d412a8) thrown at [C:\jenkins\workspace\8-2-build-windows-amd64-cygwin\jdk8u261\295\hotspot\src\share\vm\classfile\systemDictionary.cpp, line 210]
Event: 5.043 Thread 0x000002666e071800 Exception <a 'java/security/PrivilegedActionException'> (0x00000000d7f2d220) thrown at [C:\jenkins\workspace\8-2-build-windows-amd64-cygwin\jdk8u261\295\hotspot\src\share\vm\prims\jvm.cpp, line 1512]
Event: 5.043 Thread 0x000002666e071800 Exception <a 'java/security/PrivilegedActionException'> (0x00000000d7f2d618) thrown at [C:\jenkins\workspace\8-2-build-windows-amd64-cygwin\jdk8u261\295\hotspot\src\share\vm\prims\jvm.cpp, line 1512]
Event: 5.056 Thread 0x000002666e071800 Exception <a 'java/security/PrivilegedActionException'> (0x00000000d60d7e08) thrown at [C:\jenkins\workspace\8-2-build-windows-amd64-cygwin\jdk8u261\295\hotspot\src\share\vm\prims\jvm.cpp, line 1512]
Event: 5.056 Thread 0x000002666e071800 Exception <a 'java/security/PrivilegedActionException'> (0x00000000d60d8200) thrown at [C:\jenkins\workspace\8-2-build-windows-amd64-cygwin\jdk8u261\295\hotspot\src\share\vm\prims\jvm.cpp, line 1512]
Event: 5.080 Thread 0x000002666e071800 Exception <a 'java/security/PrivilegedActionException'> (0x00000000d6978ab0) thrown at [C:\jenkins\workspace\8-2-build-windows-amd64-cygwin\jdk8u261\295\hotspot\src\share\vm\prims\jvm.cpp, line 1512]
Event: 5.080 Thread 0x000002666e071800 Exception <a 'java/security/PrivilegedActionException'> (0x00000000d6978ea8) thrown at [C:\jenkins\workspace\8-2-build-windows-amd64-cygwin\jdk8u261\295\hotspot\src\share\vm\prims\jvm.cpp, line 1512]
Event: 5.106 Thread 0x000002666e071800 Exception <a 'java/lang/ClassNotFoundException': GenerateAllBeanInfo> (0x00000000d6e483b8) thrown at [C:\jenkins\workspace\8-2-build-windows-amd64-cygwin\jdk8u261\295\hotspot\src\share\vm\classfile\systemDictionary.cpp, line 210]
Event: 5.107 Thread 0x000002666e071800 Exception <a 'java/lang/ClassNotFoundException': GenerateAllCustomizer> (0x00000000d6e76b40) thrown at [C:\jenkins\workspace\8-2-build-windows-amd64-cygwin\jdk8u261\295\hotspot\src\share\vm\classfile\systemDictionary.cpp, line 210]

Events (10 events):
Event: 5.106 loading class GenerateAllCustomizer
Event: 5.106 loading class GenerateAllCustomizer done
Event: 5.106 loading class GenerateAllCustomizer
Event: 5.106 loading class GenerateAllCustomizer done
Event: 5.107 loading class GenerateAllCustomizer
Event: 5.107 loading class GenerateAllCustomizer done
Event: 5.125 loading class java/lang/org$springframework$beans$factory$annotation$Autowired
Event: 5.125 loading class java/lang/org$springframework$beans$factory$annotation$Autowired done
Event: 5.125 loading class java/io/org$springframework$beans$factory$annotation$Autowired
Event: 5.125 loading class java/io/org$springframework$beans$factory$annotation$Autowired done


Dynamic libraries:
0x00007ff61bd20000 - 0x00007ff61bd67000 	C:\Program Files\Java\jdk1.8.0_261\bin\java.exe
0x00007ffa572f0000 - 0x00007ffa574e5000 	C:\WINDOWS\SYSTEM32\ntdll.dll
0x00007ffa56a40000 - 0x00007ffa56afd000 	C:\WINDOWS\System32\KERNEL32.DLL
0x00007ffa55090000 - 0x00007ffa55359000 	C:\WINDOWS\System32\KERNELBASE.dll
0x00007ffa56990000 - 0x00007ffa56a3c000 	C:\WINDOWS\System32\ADVAPI32.dll
0x00007ffa56750000 - 0x00007ffa567ee000 	C:\WINDOWS\System32\msvcrt.dll
0x00007ffa570a0000 - 0x00007ffa5713b000 	C:\WINDOWS\System32\sechost.dll
0x00007ffa56ec0000 - 0x00007ffa56fea000 	C:\WINDOWS\System32\RPCRT4.dll
0x00007ffa56580000 - 0x00007ffa56720000 	C:\WINDOWS\System32\USER32.dll
0x00007ffa54ae0000 - 0x00007ffa54b02000 	C:\WINDOWS\System32\win32u.dll
0x00007ffa571b0000 - 0x00007ffa571da000 	C:\WINDOWS\System32\GDI32.dll
0x00007ffa54b70000 - 0x00007ffa54c7b000 	C:\WINDOWS\System32\gdi32full.dll
0x00007ffa54e90000 - 0x00007ffa54f2d000 	C:\WINDOWS\System32\msvcp_win.dll
0x00007ffa54d00000 - 0x00007ffa54e00000 	C:\WINDOWS\System32\ucrtbase.dll
0x00007ffa41530000 - 0x00007ffa417ca000 	C:\WINDOWS\WinSxS\amd64_microsoft.windows.common-controls_6595b64144ccf1df_6.0.19041.1110_none_60b5254171f9507e\COMCTL32.dll
0x00007ffa56720000 - 0x00007ffa56750000 	C:\WINDOWS\System32\IMM32.DLL
0x00007ffa4c650000 - 0x00007ffa4c665000 	C:\Program Files\Java\jdk1.8.0_261\jre\bin\vcruntime140.dll
0x00007ffa29ee0000 - 0x00007ffa29f7b000 	C:\Program Files\Java\jdk1.8.0_261\jre\bin\msvcp140.dll
0x0000000070b20000 - 0x000000007138c000 	C:\Program Files\Java\jdk1.8.0_261\jre\bin\server\jvm.dll
0x00007ffa57240000 - 0x00007ffa57248000 	C:\WINDOWS\System32\PSAPI.DLL
0x00007ffa3abf0000 - 0x00007ffa3abf9000 	C:\WINDOWS\SYSTEM32\WSOCK32.dll
0x00007ffa57140000 - 0x00007ffa571ab000 	C:\WINDOWS\System32\WS2_32.dll
0x00007ffa411f0000 - 0x00007ffa41217000 	C:\WINDOWS\SYSTEM32\WINMM.dll
0x00007ffa4bdc0000 - 0x00007ffa4bdca000 	C:\WINDOWS\SYSTEM32\VERSION.dll
0x00007ffa53320000 - 0x00007ffa53332000 	C:\WINDOWS\SYSTEM32\kernel.appcore.dll
0x00007ffa4de00000 - 0x00007ffa4de10000 	C:\Program Files\Java\jdk1.8.0_261\jre\bin\verify.dll
0x00007ffa4c4b0000 - 0x00007ffa4c4db000 	C:\Program Files\Java\jdk1.8.0_261\jre\bin\java.dll
0x00007ffa4bde0000 - 0x00007ffa4bdf8000 	C:\Program Files\Java\jdk1.8.0_261\jre\bin\zip.dll
0x00007ffa557b0000 - 0x00007ffa55eef000 	C:\WINDOWS\System32\SHELL32.dll
0x00007ffa52b40000 - 0x00007ffa532d1000 	C:\WINDOWS\SYSTEM32\windows.storage.dll
0x00007ffa55440000 - 0x00007ffa55795000 	C:\WINDOWS\System32\combase.dll
0x00007ffa543d0000 - 0x00007ffa543fc000 	C:\WINDOWS\SYSTEM32\Wldp.dll
0x00007ffa56ff0000 - 0x00007ffa5709e000 	C:\WINDOWS\System32\SHCORE.dll
0x00007ffa567f0000 - 0x00007ffa56845000 	C:\WINDOWS\System32\shlwapi.dll
0x00007ffa54970000 - 0x00007ffa5498f000 	C:\WINDOWS\SYSTEM32\profapi.dll
0x00007ffa54310000 - 0x00007ffa54328000 	C:\WINDOWS\SYSTEM32\CRYPTSP.dll
0x00007ffa53ad0000 - 0x00007ffa53b04000 	C:\WINDOWS\system32\rsaenh.dll
0x00007ffa54cd0000 - 0x00007ffa54cf7000 	C:\WINDOWS\System32\bcrypt.dll
0x00007ffa54930000 - 0x00007ffa5495e000 	C:\WINDOWS\SYSTEM32\USERENV.dll
0x00007ffa54e00000 - 0x00007ffa54e83000 	C:\WINDOWS\System32\bcryptprimitives.dll
0x00007ffa54330000 - 0x00007ffa5433c000 	C:\WINDOWS\SYSTEM32\CRYPTBASE.dll
0x00007ffa450d0000 - 0x00007ffa450ec000 	C:\Program Files\Java\jdk1.8.0_261\jre\bin\net.dll
0x00007ffa54130000 - 0x00007ffa5419a000 	C:\WINDOWS\system32\mswsock.dll
0x00007ffa53e20000 - 0x00007ffa53e5b000 	C:\WINDOWS\SYSTEM32\IPHLPAPI.DLL
0x00007ffa557a0000 - 0x00007ffa557a8000 	C:\WINDOWS\System32\NSI.dll
0x00007ffa45e60000 - 0x00007ffa45e77000 	C:\WINDOWS\SYSTEM32\dhcpcsvc6.DLL
0x00007ffa46380000 - 0x00007ffa4639d000 	C:\WINDOWS\SYSTEM32\dhcpcsvc.DLL
0x00007ffa53e60000 - 0x00007ffa53f2c000 	C:\WINDOWS\SYSTEM32\DNSAPI.dll
0x00007ffa450b0000 - 0x00007ffa450c3000 	C:\Program Files\Java\jdk1.8.0_261\jre\bin\nio.dll
0x00007ffa4dff0000 - 0x00007ffa4dffa000 	C:\Users\ADMIN\AppData\Local\Temp\jansi-1.17.1-4242514873404090674.dll
0x00007ffa4c480000 - 0x00007ffa4c48a000 	C:\Users\ADMIN\AppData\Local\Temp\jansi-1.17.1-7392984241276291545.dll
0x00007ffa52850000 - 0x00007ffa52a34000 	C:\WINDOWS\SYSTEM32\dbghelp.dll

VM Arguments:
jvm_args: -XX:+TieredCompilation -XX:TieredStopAtLevel=1 -XX:CICompilerCount=3 -Djline.WindowsTerminal.directConsole=false -Dgrails.full.stacktrace=true -Dfile.encoding=UTF-8 
java_command: org.grails.cli.GrailsCli run-app --plain-output
java_class_path (initial): C:\Users\ADMIN\AppData\Local\Temp\classpath2143123513.jar
Launcher Type: SUN_STANDARD

Environment Variables:
JAVA_HOME=C:\Program Files\Java\jdk1.8.0_261
PATH=C:\Program Files\Java\jdk1.8.0_261\bin;C:\Grails\grails-3.3.11\bin;C:\apache-maven-3.6.3\bin;C:\apache-tomcat-8.5.59\bin;C:\WINDOWS\system32;C:\WINDOWS;C:\WINDOWS\System32\Wbem;C:\WINDOWS\System32\WindowsPowerShell\v1.0\;C:\WINDOWS\System32\OpenSSH\;C:\Program Files\Git\cmd;C:\Program Files\dotnet\;C:\Program Files\Microsoft SQL Server\130\Tools\Binn\;C:\Program Files\Microsoft SQL Server\Client SDK\ODBC\170\Tools\Binn\;C:\Program Files\Microsoft SQL Server\120\Tools\Binn\;C:\Program Files\Microsoft SQL Server\Client SDK\ODBC\110\Tools\Binn\;C:\Program Files (x86)\Microsoft SQL Server\120\Tools\Binn\;C:\Program Files\Microsoft SQL Server\120\DTS\Binn\;C:\Program Files (x86)\Microsoft SQL Server\120\Tools\Binn\ManagementStudio\;C:\Program Files (x86)\Microsoft SQL Server\120\DTS\Binn\;C:\Users\ADMIN\AppData\Local\Programs\Python\Python37\;C:\Program Files\TortoiseSVN\bin;C:\ProgramData\chocolatey\bin;C:\Program Files\nodejs\;C:\Program Files\MongoDB\Server\4.4\bin;C:\Users\ADMIN\anaconda3;C:\Program Files\PuTTY\;C:\Users\ADMIN\AppData\Local\Programs\Python\Python37\Scripts\;C:\Users\ADMIN\AppData\Local\Programs\Python\Python37\;C:\Program Files\MySQL\MySQL Shell 8.0\bin\;"C:\Grails\grails-3.3.11\bin;";C:\Users\ADMIN\AppData\Local\Microsoft\WindowsApps;D:\Program Files\JetBrains\PyCharm Community Edition 2020.1\bin;;D:\Program Files\JetBrains\IntelliJ IDEA Community Edition 2019.1.2\bin;;C:\Users\ADMIN\.dotnet\tools;D:\Users\ADMIN\AppData\Local\Programs\Microsoft VS Code\bin;C:\Program Files\heroku\bin;C:\Program Files\JetBrains\IntelliJ IDEA 2019.2.4\bin;;C:\Users\ADMIN\AppData\Roaming\npm;
USERNAME=ADMIN
OS=Windows_NT
PROCESSOR_IDENTIFIER=Intel64 Family 6 Model 142 Stepping 9, GenuineIntel



---------------  S Y S T E M  ---------------

OS: Windows 10.0 , 64 bit Build 19041 (10.0.19041.1023)

CPU:total 4 (initial active 4) (2 cores per cpu, 2 threads per core) family 6 model 142 stepping 9, cmov, cx8, fxsr, mmx, sse, sse2, sse3, ssse3, sse4.1, sse4.2, popcnt, avx, avx2, aes, clmul, erms, 3dnowpref, lzcnt, ht, tsc, tscinvbit, bmi1, bmi2, adx

Memory: 4k page, physical 8251628k(391924k free), swap 16640236k(2128k free)

vm_info: Java HotSpot(TM) 64-Bit Server VM (25.261-b12) for windows-amd64 JRE (1.8.0_261-b12), built on Jun 18 2020 06:56:32 by "" with unknown MS VC++:1916

time: Thu Aug  5 13:47:39 2021
timezone: SE Asia Standard Time
elapsed time: 5 seconds (0d 0h 0m 5s)

