#
# There is insufficient memory for the Java Runtime Environment to continue.
# Native memory allocation (malloc) failed to allocate 1079616 bytes for Chunk::new
# Possible reasons:
#   The system is out of physical RAM or swap space
#   The process is running with CompressedOops enabled, and the Java Heap may be blocking the growth of the native heap
# Possible solutions:
#   Reduce memory load on the system
#   Increase physical memory or swap space
#   Check if swap backing store is full
#   Decrease Java heap size (-Xmx/-Xms)
#   Decrease number of Java threads
#   Decrease Java thread stack sizes (-Xss)
#   Set larger code cache with -XX:ReservedCodeCacheSize=
#   JVM is running with Unscaled Compressed Oops mode in which the Java heap is
#     placed in the first 4GB address space. The Java Heap base address is the
#     maximum limit for the native heap growth. Please use -XX:HeapBaseMinAddress
#     to set the Java Heap base and to place the Java Heap above 4GB virtual address.
# This output file may be truncated or incomplete.
#
#  Out of Memory Error (allocation.cpp:389), pid=12580, tid=0x0000000000003960
#
# JRE version: Java(TM) SE Runtime Environment (8.0_261-b12) (build 1.8.0_261-b12)
# Java VM: Java HotSpot(TM) 64-Bit Server VM (25.261-b12 mixed mode windows-amd64 compressed oops)
# Failed to write core dump. Minidumps are not enabled by default on client versions of Windows
#

---------------  T H R E A D  ---------------

Current thread (0x0000011e2dd7a800):  JavaThread "C2 CompilerThread0" daemon [_thread_in_native, id=14688, stack(0x0000000d16a00000,0x0000000d16b00000)]

Stack: [0x0000000d16a00000,0x0000000d16b00000]
Native frames: (J=compiled Java code, j=interpreted, Vv=VM code, C=native code)
V  [jvm.dll+0x33e5f9]


Current CompileTask:
C2:   5036 1399   !   4       java.net.URLClassLoader$1::run (63 bytes)


---------------  P R O C E S S  ---------------

Java Threads: ( => current thread )
  0x0000011e2eb30800 JavaThread "File lock request listener" [_thread_in_native, id=13372, stack(0x0000000d17900000,0x0000000d17a00000)]
  0x0000011e2eb2f800 JavaThread "Cache worker for file hash cache (C:\Users\ADMIN\.gradle\caches\3.5\fileHashes)" [_thread_blocked, id=11256, stack(0x0000000d17800000,0x0000000d17900000)]
  0x0000011e2f9dd000 JavaThread "Stdin handler" [_thread_blocked, id=4148, stack(0x0000000d17700000,0x0000000d17800000)]
  0x0000011e2f9d9800 JavaThread "Asynchronous log dispatcher for DefaultDaemonConnection: socket connection from /127.0.0.1:50233 to /127.0.0.1:50234" [_thread_blocked, id=12388, stack(0x0000000d17600000,0x0000000d17700000)]
  0x0000011e301e7000 JavaThread "Daemon worker" [_thread_in_vm, id=14116, stack(0x0000000d17500000,0x0000000d17600000)]
  0x0000011e2fff7000 JavaThread "Cancel handler" [_thread_blocked, id=3208, stack(0x0000000d17400000,0x0000000d17500000)]
  0x0000011e2f9cd000 JavaThread "Handler for socket connection from /127.0.0.1:50233 to /127.0.0.1:50234" [_thread_in_native, id=8100, stack(0x0000000d17300000,0x0000000d17400000)]
  0x0000011e2fbf9800 JavaThread "Daemon" [_thread_blocked, id=12860, stack(0x0000000d17200000,0x0000000d17300000)]
  0x0000011e2f9ba000 JavaThread "Daemon periodic checks" [_thread_blocked, id=13248, stack(0x0000000d17100000,0x0000000d17200000)]
  0x0000011e304c5800 JavaThread "Incoming local TCP Connector on port 50233" [_thread_in_native, id=9556, stack(0x0000000d17000000,0x0000000d17100000)]
  0x0000011e2fcb9000 JavaThread "Daemon health stats" [_thread_blocked, id=2620, stack(0x0000000d16f00000,0x0000000d17000000)]
  0x0000011e2de0b000 JavaThread "Service Thread" daemon [_thread_blocked, id=8352, stack(0x0000000d16d00000,0x0000000d16e00000)]
  0x0000011e2dd8d800 JavaThread "C1 CompilerThread2" daemon [_thread_blocked, id=10412, stack(0x0000000d16c00000,0x0000000d16d00000)]
  0x0000011e2dd7e000 JavaThread "C2 CompilerThread1" daemon [_thread_in_native, id=6868, stack(0x0000000d16b00000,0x0000000d16c00000)]
=>0x0000011e2dd7a800 JavaThread "C2 CompilerThread0" daemon [_thread_in_native, id=14688, stack(0x0000000d16a00000,0x0000000d16b00000)]
  0x0000011e2dd78000 JavaThread "Attach Listener" daemon [_thread_blocked, id=2448, stack(0x0000000d16900000,0x0000000d16a00000)]
  0x0000011e2dd77000 JavaThread "Signal Dispatcher" daemon [_thread_blocked, id=5360, stack(0x0000000d16800000,0x0000000d16900000)]
  0x0000011e2d62a800 JavaThread "Finalizer" daemon [_thread_blocked, id=9924, stack(0x0000000d16700000,0x0000000d16800000)]
  0x0000011e2dd55800 JavaThread "Reference Handler" daemon [_thread_blocked, id=16164, stack(0x0000000d16600000,0x0000000d16700000)]
  0x0000011e19944000 JavaThread "main" [_thread_blocked, id=10356, stack(0x0000000d16000000,0x0000000d16100000)]

Other Threads:
  0x0000011e2dd31800 VMThread [stack: 0x0000000d16500000,0x0000000d16600000] [id=11160]
  0x0000011e2de1d800 WatcherThread [stack: 0x0000000d16e00000,0x0000000d16f00000] [id=5528]

VM state:not at safepoint (normal execution)

VM Mutex/Monitor currently owned by a thread: None

heap address: 0x00000000c0000000, size: 1024 MB, Compressed Oops mode: 32-bit
Narrow klass base: 0x0000000000000000, Narrow klass shift: 3
Compressed class space size: 1073741824 Address: 0x0000000100000000

Heap:
 PSYoungGen      total 37888K, used 6518K [0x00000000eab00000, 0x00000000ed500000, 0x0000000100000000)
  eden space 32768K, 4% used [0x00000000eab00000,0x00000000eac62ac0,0x00000000ecb00000)
  from space 5120K, 99% used [0x00000000ecb00000,0x00000000ecffaf08,0x00000000ed000000)
  to   space 5120K, 0% used [0x00000000ed000000,0x00000000ed000000,0x00000000ed500000)
 ParOldGen       total 86016K, used 3285K [0x00000000c0000000, 0x00000000c5400000, 0x00000000eab00000)
  object space 86016K, 3% used [0x00000000c0000000,0x00000000c0335548,0x00000000c5400000)
 Metaspace       used 15844K, capacity 16178K, committed 16256K, reserved 1062912K
  class space    used 2263K, capacity 2379K, committed 2432K, reserved 1048576K

Card table byte_map: [0x0000011e2a7c0000,0x0000011e2a9d0000] byte_map_base: 0x0000011e2a1c0000

Marking Bits: (ParMarkBitMap*) 0x0000000071264fb0
 Begin Bits: [0x0000011e2ab30000, 0x0000011e2bb30000)
 End Bits:   [0x0000011e2bb30000, 0x0000011e2cb30000)

Polling page: 0x0000011e19b50000

CodeCache: size=245760Kb used=4983Kb max_used=4983Kb free=240776Kb
 bounds [0x0000011e1b400000, 0x0000011e1b8f0000, 0x0000011e2a400000]
 total_blobs=1789 nmethods=1414 adapters=287
 compilation: enabled

Compilation events (10 events):
Event: 4.961 Thread 0x0000011e2dd8d800 1414       3       org.objectweb.asm.Type::getInternalName (20 bytes)
Event: 4.961 Thread 0x0000011e2dd8d800 nmethod 1414 0x0000011e1b8decd0 code [0x0000011e1b8dee40, 0x0000011e1b8df050]
Event: 4.961 Thread 0x0000011e2dd8d800 1413       3       org.objectweb.asm.ClassWriter::a (15 bytes)
Event: 4.961 Thread 0x0000011e2dd8d800 nmethod 1413 0x0000011e1b8df110 code [0x0000011e1b8df280, 0x0000011e1b8df480]
Event: 4.961 Thread 0x0000011e2dd8d800 1415       1       org.gradle.api.internal.AbstractClassGenerator$PropertyMetaData::getName (5 bytes)
Event: 4.961 Thread 0x0000011e2dd8d800 nmethod 1415 0x0000011e1b8df590 code [0x0000011e1b8df6e0, 0x0000011e1b8df7f8]
Event: 4.970 Thread 0x0000011e2dd8d800 1417       1       org.gradle.internal.service.DefaultServiceRegistry$ParentServices$1::get (5 bytes)
Event: 4.971 Thread 0x0000011e2dd8d800 nmethod 1417 0x0000011e1b8df850 code [0x0000011e1b8df9a0, 0x0000011e1b8dfab8]
Event: 5.003 Thread 0x0000011e2dd8d800 1418       3       java.util.concurrent.locks.AbstractQueuedSynchronizer::release (33 bytes)
Event: 5.003 Thread 0x0000011e2dd8d800 nmethod 1418 0x0000011e1b8dfb10 code [0x0000011e1b8dfc80, 0x0000011e1b8dffa0]

GC Heap History (6 events):
Event: 1.387 GC heap before
{Heap before GC invocations=1 (full 0):
 PSYoungGen      total 37888K, used 32768K [0x00000000eab00000, 0x00000000ed500000, 0x0000000100000000)
  eden space 32768K, 100% used [0x00000000eab00000,0x00000000ecb00000,0x00000000ecb00000)
  from space 5120K, 0% used [0x00000000ed000000,0x00000000ed000000,0x00000000ed500000)
  to   space 5120K, 0% used [0x00000000ecb00000,0x00000000ecb00000,0x00000000ed000000)
 ParOldGen       total 86016K, used 0K [0x00000000c0000000, 0x00000000c5400000, 0x00000000eab00000)
  object space 86016K, 0% used [0x00000000c0000000,0x00000000c0000000,0x00000000c5400000)
 Metaspace       used 7070K, capacity 7208K, committed 7424K, reserved 1056768K
  class space    used 886K, capacity 952K, committed 1024K, reserved 1048576K
Event: 1.395 GC heap after
Heap after GC invocations=1 (full 0):
 PSYoungGen      total 37888K, used 4221K [0x00000000eab00000, 0x00000000ed500000, 0x0000000100000000)
  eden space 32768K, 0% used [0x00000000eab00000,0x00000000eab00000,0x00000000ecb00000)
  from space 5120K, 82% used [0x00000000ecb00000,0x00000000ecf1f408,0x00000000ed000000)
  to   space 5120K, 0% used [0x00000000ed000000,0x00000000ed000000,0x00000000ed500000)
 ParOldGen       total 86016K, used 8K [0x00000000c0000000, 0x00000000c5400000, 0x00000000eab00000)
  object space 86016K, 0% used [0x00000000c0000000,0x00000000c0002000,0x00000000c5400000)
 Metaspace       used 7070K, capacity 7208K, committed 7424K, reserved 1056768K
  class space    used 886K, capacity 952K, committed 1024K, reserved 1048576K
}
Event: 3.937 GC heap before
{Heap before GC invocations=2 (full 0):
 PSYoungGen      total 37888K, used 36989K [0x00000000eab00000, 0x00000000ed500000, 0x0000000100000000)
  eden space 32768K, 100% used [0x00000000eab00000,0x00000000ecb00000,0x00000000ecb00000)
  from space 5120K, 82% used [0x00000000ecb00000,0x00000000ecf1f408,0x00000000ed000000)
  to   space 5120K, 0% used [0x00000000ed000000,0x00000000ed000000,0x00000000ed500000)
 ParOldGen       total 86016K, used 8K [0x00000000c0000000, 0x00000000c5400000, 0x00000000eab00000)
  object space 86016K, 0% used [0x00000000c0000000,0x00000000c0002000,0x00000000c5400000)
 Metaspace       used 12395K, capacity 12716K, committed 12928K, reserved 1060864K
  class space    used 1699K, capacity 1802K, committed 1920K, reserved 1048576K
Event: 3.947 GC heap after
Heap after GC invocations=2 (full 0):
 PSYoungGen      total 37888K, used 5115K [0x00000000eab00000, 0x00000000ed500000, 0x0000000100000000)
  eden space 32768K, 0% used [0x00000000eab00000,0x00000000eab00000,0x00000000ecb00000)
  from space 5120K, 99% used [0x00000000ed000000,0x00000000ed4fed28,0x00000000ed500000)
  to   space 5120K, 0% used [0x00000000ecb00000,0x00000000ecb00000,0x00000000ed000000)
 ParOldGen       total 86016K, used 852K [0x00000000c0000000, 0x00000000c5400000, 0x00000000eab00000)
  object space 86016K, 0% used [0x00000000c0000000,0x00000000c00d5358,0x00000000c5400000)
 Metaspace       used 12395K, capacity 12716K, committed 12928K, reserved 1060864K
  class space    used 1699K, capacity 1802K, committed 1920K, reserved 1048576K
}
Event: 4.978 GC heap before
{Heap before GC invocations=3 (full 0):
 PSYoungGen      total 37888K, used 37883K [0x00000000eab00000, 0x00000000ed500000, 0x0000000100000000)
  eden space 32768K, 100% used [0x00000000eab00000,0x00000000ecb00000,0x00000000ecb00000)
  from space 5120K, 99% used [0x00000000ed000000,0x00000000ed4fed28,0x00000000ed500000)
  to   space 5120K, 0% used [0x00000000ecb00000,0x00000000ecb00000,0x00000000ed000000)
 ParOldGen       total 86016K, used 852K [0x00000000c0000000, 0x00000000c5400000, 0x00000000eab00000)
  object space 86016K, 0% used [0x00000000c0000000,0x00000000c00d5358,0x00000000c5400000)
 Metaspace       used 15666K, capacity 15954K, committed 16256K, reserved 1062912K
  class space    used 2242K, capacity 2347K, committed 2432K, reserved 1048576K
Event: 5.000 GC heap after
Heap after GC invocations=3 (full 0):
 PSYoungGen      total 37888K, used 5099K [0x00000000eab00000, 0x00000000ed500000, 0x0000000100000000)
  eden space 32768K, 0% used [0x00000000eab00000,0x00000000eab00000,0x00000000ecb00000)
  from space 5120K, 99% used [0x00000000ecb00000,0x00000000ecffaf08,0x00000000ed000000)
  to   space 5120K, 0% used [0x00000000ed000000,0x00000000ed000000,0x00000000ed500000)
 ParOldGen       total 86016K, used 3285K [0x00000000c0000000, 0x00000000c5400000, 0x00000000eab00000)
  object space 86016K, 3% used [0x00000000c0000000,0x00000000c0335548,0x00000000c5400000)
 Metaspace       used 15666K, capacity 15954K, committed 16256K, reserved 1062912K
  class space    used 2242K, capacity 2347K, committed 2432K, reserved 1048576K
}

Deoptimization events (10 events):
Event: 3.863 Thread 0x0000011e301e7000 Uncommon trap: reason=bimorphic action=maybe_recompile pc=0x0000011e1b68cf48 method=java.util.HashMap.putVal(ILjava/lang/Object;Ljava/lang/Object;ZZ)Ljava/lang/Object; @ 253
Event: 3.863 Thread 0x0000011e301e7000 Uncommon trap: reason=bimorphic action=maybe_recompile pc=0x0000011e1b68cf48 method=java.util.HashMap.putVal(ILjava/lang/Object;Ljava/lang/Object;ZZ)Ljava/lang/Object; @ 253
Event: 3.863 Thread 0x0000011e301e7000 Uncommon trap: reason=bimorphic action=maybe_recompile pc=0x0000011e1b68cf48 method=java.util.HashMap.putVal(ILjava/lang/Object;Ljava/lang/Object;ZZ)Ljava/lang/Object; @ 253
Event: 3.864 Thread 0x0000011e301e7000 Uncommon trap: reason=bimorphic action=maybe_recompile pc=0x0000011e1b68cf48 method=java.util.HashMap.putVal(ILjava/lang/Object;Ljava/lang/Object;ZZ)Ljava/lang/Object; @ 253
Event: 3.864 Thread 0x0000011e301e7000 Uncommon trap: reason=bimorphic action=maybe_recompile pc=0x0000011e1b688360 method=java.util.HashMap.putVal(ILjava/lang/Object;Ljava/lang/Object;ZZ)Ljava/lang/Object; @ 253
Event: 4.130 Thread 0x0000011e301e7000 Uncommon trap: reason=class_check action=maybe_recompile pc=0x0000011e1b6746dc method=java.util.regex.Matcher.match(II)Z @ 86
Event: 4.149 Thread 0x0000011e301e7000 Uncommon trap: reason=class_check action=maybe_recompile pc=0x0000011e1b6746dc method=java.util.regex.Matcher.match(II)Z @ 86
Event: 4.617 Thread 0x0000011e301e7000 Uncommon trap: reason=unstable_if action=reinterpret pc=0x0000011e1b8a8c1c method=java.util.jar.JarFile.maybeInstantiateVerifier()V @ 21
Event: 4.819 Thread 0x0000011e301e7000 Uncommon trap: reason=unstable_if action=reinterpret pc=0x0000011e1b564c88 method=java.net.URI.match(CJJ)Z @ 19
Event: 4.819 Thread 0x0000011e301e7000 Uncommon trap: reason=unstable_if action=reinterpret pc=0x0000011e1b6a1c40 method=java.net.URI.match(CJJ)Z @ 19

Classes redefined (0 events):
No events

Internal exceptions (10 events):
Event: 3.850 Thread 0x0000011e301e7000 Exception <a 'java/lang/NoSuchMethodError': <clinit>> (0x00000000ec6905b8) thrown at [C:\jenkins\workspace\8-2-build-windows-amd64-cygwin\jdk8u261\295\hotspot\src\share\vm\prims\jni.cpp, line 1615]
Event: 3.851 Thread 0x0000011e301e7000 Exception <a 'java/lang/NoSuchMethodError': <clinit>> (0x00000000ec6986e0) thrown at [C:\jenkins\workspace\8-2-build-windows-amd64-cygwin\jdk8u261\295\hotspot\src\share\vm\prims\jni.cpp, line 1615]
Event: 3.904 Thread 0x0000011e301e7000 Exception <a 'java/lang/ArrayIndexOutOfBoundsException'> (0x00000000ec924738) thrown at [C:\jenkins\workspace\8-2-build-windows-amd64-cygwin\jdk8u261\295\hotspot\src\share\vm\runtime\sharedRuntime.cpp, line 605]
Event: 3.928 Thread 0x0000011e301e7000 Exception <a 'java/lang/ArrayIndexOutOfBoundsException'> (0x00000000eca25c98) thrown at [C:\jenkins\workspace\8-2-build-windows-amd64-cygwin\jdk8u261\295\hotspot\src\share\vm\runtime\sharedRuntime.cpp, line 605]
Event: 3.931 Thread 0x0000011e301e7000 Exception <a 'java/lang/ArrayIndexOutOfBoundsException'> (0x00000000eca50d88) thrown at [C:\jenkins\workspace\8-2-build-windows-amd64-cygwin\jdk8u261\295\hotspot\src\share\vm\runtime\sharedRuntime.cpp, line 605]
Event: 3.931 Thread 0x0000011e301e7000 Exception <a 'java/lang/ArrayIndexOutOfBoundsException'> (0x00000000eca52a00) thrown at [C:\jenkins\workspace\8-2-build-windows-amd64-cygwin\jdk8u261\295\hotspot\src\share\vm\runtime\sharedRuntime.cpp, line 605]
Event: 4.007 Thread 0x0000011e301e7000 Exception <a 'java/lang/ArrayIndexOutOfBoundsException'> (0x00000000eafc1650) thrown at [C:\jenkins\workspace\8-2-build-windows-amd64-cygwin\jdk8u261\295\hotspot\src\share\vm\runtime\sharedRuntime.cpp, line 605]
Event: 4.007 Thread 0x0000011e301e7000 Exception <a 'java/lang/ArrayIndexOutOfBoundsException'> (0x00000000eafc4a88) thrown at [C:\jenkins\workspace\8-2-build-windows-amd64-cygwin\jdk8u261\295\hotspot\src\share\vm\runtime\sharedRuntime.cpp, line 605]
Event: 4.007 Thread 0x0000011e301e7000 Exception <a 'java/lang/ArrayIndexOutOfBoundsException'> (0x00000000eafc7868) thrown at [C:\jenkins\workspace\8-2-build-windows-amd64-cygwin\jdk8u261\295\hotspot\src\share\vm\runtime\sharedRuntime.cpp, line 605]
Event: 4.617 Thread 0x0000011e301e7000 Implicit null exception at 0x0000011e1b8a883b to 0x0000011e1b8a8c0d

Events (10 events):
Event: 5.018 Executing VM operation: Deoptimize
Event: 5.019 Executing VM operation: Deoptimize done
Event: 5.019 loading class groovy/lang/MetaBeanProperty
Event: 5.019 loading class groovy/lang/MetaBeanProperty done
Event: 5.020 loading class groovy/lang/MissingFieldException
Event: 5.020 loading class groovy/lang/MissingFieldException done
Event: 5.020 loading class org/codehaus/groovy/control/CompilationUnit$ClassgenCallback
Event: 5.020 loading class org/codehaus/groovy/control/CompilationUnit$ClassgenCallback done
Event: 5.021 loading class groovy/lang/MetaClassImpl$13
Event: 5.021 loading class groovy/lang/MetaClassImpl$13 done


Dynamic libraries:
0x00007ff7c3c20000 - 0x00007ff7c3c67000 	C:\Program Files\Java\jdk1.8.0_261\bin\java.exe
0x00007ffa572f0000 - 0x00007ffa574e5000 	C:\WINDOWS\SYSTEM32\ntdll.dll
0x00007ffa56a40000 - 0x00007ffa56afd000 	C:\WINDOWS\System32\KERNEL32.DLL
0x00007ffa55090000 - 0x00007ffa55359000 	C:\WINDOWS\System32\KERNELBASE.dll
0x00007ffa56990000 - 0x00007ffa56a3c000 	C:\WINDOWS\System32\ADVAPI32.dll
0x00007ffa56750000 - 0x00007ffa567ee000 	C:\WINDOWS\System32\msvcrt.dll
0x00007ffa570a0000 - 0x00007ffa5713b000 	C:\WINDOWS\System32\sechost.dll
0x00007ffa56ec0000 - 0x00007ffa56fea000 	C:\WINDOWS\System32\RPCRT4.dll
0x00007ffa56580000 - 0x00007ffa56720000 	C:\WINDOWS\System32\USER32.dll
0x00007ffa54ae0000 - 0x00007ffa54b02000 	C:\WINDOWS\System32\win32u.dll
0x00007ffa571b0000 - 0x00007ffa571da000 	C:\WINDOWS\System32\GDI32.dll
0x00007ffa54b70000 - 0x00007ffa54c7b000 	C:\WINDOWS\System32\gdi32full.dll
0x00007ffa54e90000 - 0x00007ffa54f2d000 	C:\WINDOWS\System32\msvcp_win.dll
0x00007ffa54d00000 - 0x00007ffa54e00000 	C:\WINDOWS\System32\ucrtbase.dll
0x00007ffa41530000 - 0x00007ffa417ca000 	C:\WINDOWS\WinSxS\amd64_microsoft.windows.common-controls_6595b64144ccf1df_6.0.19041.1110_none_60b5254171f9507e\COMCTL32.dll
0x00007ffa56720000 - 0x00007ffa56750000 	C:\WINDOWS\System32\IMM32.DLL
0x00007ffa465b0000 - 0x00007ffa465c5000 	C:\Program Files\Java\jdk1.8.0_261\jre\bin\vcruntime140.dll
0x00007ffa29410000 - 0x00007ffa294ab000 	C:\Program Files\Java\jdk1.8.0_261\jre\bin\msvcp140.dll
0x0000000070a70000 - 0x00000000712dc000 	C:\Program Files\Java\jdk1.8.0_261\jre\bin\server\jvm.dll
0x00007ffa57240000 - 0x00007ffa57248000 	C:\WINDOWS\System32\PSAPI.DLL
0x00007ffa3abf0000 - 0x00007ffa3abf9000 	C:\WINDOWS\SYSTEM32\WSOCK32.dll
0x00007ffa411f0000 - 0x00007ffa41217000 	C:\WINDOWS\SYSTEM32\WINMM.dll
0x00007ffa57140000 - 0x00007ffa571ab000 	C:\WINDOWS\System32\WS2_32.dll
0x00007ffa4bdc0000 - 0x00007ffa4bdca000 	C:\WINDOWS\SYSTEM32\VERSION.dll
0x00007ffa53320000 - 0x00007ffa53332000 	C:\WINDOWS\SYSTEM32\kernel.appcore.dll
0x00007ffa4c560000 - 0x00007ffa4c570000 	C:\Program Files\Java\jdk1.8.0_261\jre\bin\verify.dll
0x00007ffa45080000 - 0x00007ffa450ab000 	C:\Program Files\Java\jdk1.8.0_261\jre\bin\java.dll
0x00007ffa3ba20000 - 0x00007ffa3ba38000 	C:\Program Files\Java\jdk1.8.0_261\jre\bin\zip.dll
0x00007ffa557b0000 - 0x00007ffa55eef000 	C:\WINDOWS\System32\SHELL32.dll
0x00007ffa52b40000 - 0x00007ffa532d1000 	C:\WINDOWS\SYSTEM32\windows.storage.dll
0x00007ffa55440000 - 0x00007ffa55795000 	C:\WINDOWS\System32\combase.dll
0x00007ffa543d0000 - 0x00007ffa543fc000 	C:\WINDOWS\SYSTEM32\Wldp.dll
0x00007ffa56ff0000 - 0x00007ffa5709e000 	C:\WINDOWS\System32\SHCORE.dll
0x00007ffa567f0000 - 0x00007ffa56845000 	C:\WINDOWS\System32\shlwapi.dll
0x00007ffa54970000 - 0x00007ffa5498f000 	C:\WINDOWS\SYSTEM32\profapi.dll
0x00007ffa31200000 - 0x00007ffa3121c000 	C:\Program Files\Java\jdk1.8.0_261\jre\bin\net.dll
0x00007ffa54130000 - 0x00007ffa5419a000 	C:\WINDOWS\system32\mswsock.dll
0x00007ffa2ce30000 - 0x00007ffa2ce43000 	C:\Program Files\Java\jdk1.8.0_261\jre\bin\nio.dll
0x00007ffa4e020000 - 0x00007ffa4e03e000 	C:\Users\ADMIN\.gradle\native\25\windows-amd64\native-platform.dll
0x00007ffa54310000 - 0x00007ffa54328000 	C:\WINDOWS\SYSTEM32\CRYPTSP.dll
0x00007ffa53ad0000 - 0x00007ffa53b04000 	C:\WINDOWS\system32\rsaenh.dll
0x00007ffa54cd0000 - 0x00007ffa54cf7000 	C:\WINDOWS\System32\bcrypt.dll
0x00007ffa54930000 - 0x00007ffa5495e000 	C:\WINDOWS\SYSTEM32\USERENV.dll
0x00007ffa54e00000 - 0x00007ffa54e83000 	C:\WINDOWS\System32\bcryptprimitives.dll
0x00007ffa54330000 - 0x00007ffa5433c000 	C:\WINDOWS\SYSTEM32\CRYPTBASE.dll
0x00007ffa53e20000 - 0x00007ffa53e5b000 	C:\WINDOWS\SYSTEM32\IPHLPAPI.DLL
0x00007ffa557a0000 - 0x00007ffa557a8000 	C:\WINDOWS\System32\NSI.dll
0x00007ffa45e60000 - 0x00007ffa45e77000 	C:\WINDOWS\SYSTEM32\dhcpcsvc6.DLL
0x00007ffa46380000 - 0x00007ffa4639d000 	C:\WINDOWS\SYSTEM32\dhcpcsvc.DLL
0x00007ffa53e60000 - 0x00007ffa53f2c000 	C:\WINDOWS\SYSTEM32\DNSAPI.dll
0x00007ffa4c4d0000 - 0x00007ffa4c4dd000 	C:\Program Files\Java\jdk1.8.0_261\jre\bin\management.dll
0x00007ffa52850000 - 0x00007ffa52a34000 	C:\WINDOWS\SYSTEM32\dbghelp.dll

VM Arguments:
jvm_args: -XX:MaxPermSize=256m -XX:+HeapDumpOnOutOfMemoryError -Xmx1024m -Dfile.encoding=UTF-8 -Duser.country=US -Duser.language=en -Duser.variant 
java_command: org.gradle.launcher.daemon.bootstrap.GradleDaemon 3.5
java_class_path (initial): C:\Users\ADMIN\.gradle\wrapper\dists\gradle-3.5-all\exhrs6ca08n232b14ue48lbye\gradle-3.5\lib\gradle-launcher-3.5.jar
Launcher Type: SUN_STANDARD

Environment Variables:
JAVA_HOME=C:\Program Files\Java\jdk1.8.0_261
PATH=C:\Program Files\Java\jdk1.8.0_261\bin;C:\Grails\grails-3.3.11\bin;C:\apache-maven-3.6.3\bin;C:\apache-tomcat-8.5.59\bin;C:\WINDOWS\system32;C:\WINDOWS;C:\WINDOWS\System32\Wbem;C:\WINDOWS\System32\WindowsPowerShell\v1.0\;C:\WINDOWS\System32\OpenSSH\;C:\Program Files\Git\cmd;C:\Program Files\dotnet\;C:\Program Files\Microsoft SQL Server\130\Tools\Binn\;C:\Program Files\Microsoft SQL Server\Client SDK\ODBC\170\Tools\Binn\;C:\Program Files\Microsoft SQL Server\120\Tools\Binn\;C:\Program Files\Microsoft SQL Server\Client SDK\ODBC\110\Tools\Binn\;C:\Program Files (x86)\Microsoft SQL Server\120\Tools\Binn\;C:\Program Files\Microsoft SQL Server\120\DTS\Binn\;C:\Program Files (x86)\Microsoft SQL Server\120\Tools\Binn\ManagementStudio\;C:\Program Files (x86)\Microsoft SQL Server\120\DTS\Binn\;C:\Users\ADMIN\AppData\Local\Programs\Python\Python37\;C:\Program Files\TortoiseSVN\bin;C:\ProgramData\chocolatey\bin;C:\Program Files\nodejs\;C:\Program Files\MongoDB\Server\4.4\bin;C:\Users\ADMIN\anaconda3;C:\Program Files\PuTTY\;C:\Users\ADMIN\AppData\Local\Programs\Python\Python37\Scripts\;C:\Users\ADMIN\AppData\Local\Programs\Python\Python37\;C:\Program Files\MySQL\MySQL Shell 8.0\bin\;"C:\Grails\grails-3.3.11\bin;";C:\Users\ADMIN\AppData\Local\Microsoft\WindowsApps;D:\Program Files\JetBrains\PyCharm Community Edition 2020.1\bin;;D:\Program Files\JetBrains\IntelliJ IDEA Community Edition 2019.1.2\bin;;C:\Users\ADMIN\.dotnet\tools;D:\Users\ADMIN\AppData\Local\Programs\Microsoft VS Code\bin;C:\Program Files\heroku\bin;C:\Program Files\JetBrains\IntelliJ IDEA 2019.2.4\bin;;C:\Users\ADMIN\AppData\Roaming\npm;
USERNAME=ADMIN
OS=Windows_NT
PROCESSOR_IDENTIFIER=Intel64 Family 6 Model 142 Stepping 9, GenuineIntel



---------------  S Y S T E M  ---------------

OS: Windows 10.0 , 64 bit Build 19041 (10.0.19041.1023)

CPU:total 4 (initial active 4) (2 cores per cpu, 2 threads per core) family 6 model 142 stepping 9, cmov, cx8, fxsr, mmx, sse, sse2, sse3, ssse3, sse4.1, sse4.2, popcnt, avx, avx2, aes, clmul, erms, 3dnowpref, lzcnt, ht, tsc, tscinvbit, bmi1, bmi2, adx

Memory: 4k page, physical 8251628k(431572k free), swap 16640236k(4124k free)

vm_info: Java HotSpot(TM) 64-Bit Server VM (25.261-b12) for windows-amd64 JRE (1.8.0_261-b12), built on Jun 18 2020 06:56:32 by "" with unknown MS VC++:1916

time: Wed Aug  4 09:31:03 2021
timezone: SE Asia Standard Time
elapsed time: 5 seconds (0d 0h 0m 5s)

